2018-07-14 19:28:56,492 ERROR: Exception on /task_detail/3 [GET] [in /home/mark/anaconda3/envs/flask/lib/python3.6/site-packages/flask/app.py:1560]
Traceback (most recent call last):
  File "/home/mark/anaconda3/envs/flask/lib/python3.6/site-packages/flask/app.py", line 1982, in wsgi_app
    response = self.full_dispatch_request()
  File "/home/mark/anaconda3/envs/flask/lib/python3.6/site-packages/flask/app.py", line 1614, in full_dispatch_request
    rv = self.handle_user_exception(e)
  File "/home/mark/anaconda3/envs/flask/lib/python3.6/site-packages/flask/app.py", line 1517, in handle_user_exception
    reraise(exc_type, exc_value, tb)
  File "/home/mark/anaconda3/envs/flask/lib/python3.6/site-packages/flask/_compat.py", line 33, in reraise
    raise value
  File "/home/mark/anaconda3/envs/flask/lib/python3.6/site-packages/flask/app.py", line 1612, in full_dispatch_request
    rv = self.dispatch_request()
  File "/home/mark/anaconda3/envs/flask/lib/python3.6/site-packages/flask/app.py", line 1598, in dispatch_request
    return self.view_functions[rule.endpoint](**req.view_args)
  File "/home/mark/PythonFlaskVertica/app/routes.py", line 483, in task_detail
    return render_template('view_task_detail.html',title='Task Detail', task_detail=task_detail)
  File "/home/mark/anaconda3/envs/flask/lib/python3.6/site-packages/flask/templating.py", line 134, in render_template
    context, ctx.app)
  File "/home/mark/anaconda3/envs/flask/lib/python3.6/site-packages/flask/templating.py", line 116, in _render
    rv = template.render(context)
  File "/home/mark/anaconda3/envs/flask/lib/python3.6/site-packages/jinja2/asyncsupport.py", line 76, in render
    return original_render(self, *args, **kwargs)
  File "/home/mark/anaconda3/envs/flask/lib/python3.6/site-packages/jinja2/environment.py", line 1008, in render
    return self.environment.handle_exception(exc_info, True)
  File "/home/mark/anaconda3/envs/flask/lib/python3.6/site-packages/jinja2/environment.py", line 780, in handle_exception
    reraise(exc_type, exc_value, tb)
  File "/home/mark/anaconda3/envs/flask/lib/python3.6/site-packages/jinja2/_compat.py", line 37, in reraise
    raise value.with_traceback(tb)
  File "/home/mark/PythonFlaskVertica/app/templates/view_task_detail.html", line 1, in top-level template code
    {% extends "base.html" %}
  File "/home/mark/PythonFlaskVertica/app/templates/base.html", line 1, in top-level template code
    {% extends 'bootstrap/base.html' %}
  File "/home/mark/anaconda3/envs/flask/lib/python3.6/site-packages/flask_bootstrap/templates/bootstrap/base.html", line 1, in top-level template code
    {% block doc -%}
  File "/home/mark/anaconda3/envs/flask/lib/python3.6/site-packages/flask_bootstrap/templates/bootstrap/base.html", line 4, in block "doc"
    {%- block html %}
  File "/home/mark/anaconda3/envs/flask/lib/python3.6/site-packages/flask_bootstrap/templates/bootstrap/base.html", line 20, in block "html"
    {% block body -%}
  File "/home/mark/anaconda3/envs/flask/lib/python3.6/site-packages/flask_bootstrap/templates/bootstrap/base.html", line 23, in block "body"
    {% block content -%}
  File "/home/mark/PythonFlaskVertica/app/templates/base.html", line 54, in block "content"
    {% block app_content %}{% endblock %}
  File "/home/mark/PythonFlaskVertica/app/templates/view_task_detail.html", line 20, in block "app_content"
    <h3>User Story ID:<a href="{{ url_for('story_detail', id=task_detail.UserStory.us_id) }}">{{ task_detail.user_story_id }}</a> </h3>
  File "/home/mark/anaconda3/envs/flask/lib/python3.6/site-packages/jinja2/environment.py", line 430, in getattr
    return getattr(obj, attribute)
jinja2.exceptions.UndefinedError: 'sqlalchemy.util._collections.result object' has no attribute 'UserStory'
2018-07-14 19:30:09,178 INFO: Pride2 startup [in /home/mark/PythonFlaskVertica/app/__init__.py:49]
2018-07-14 19:30:09,179 INFO: Pride2 startup [in /home/mark/PythonFlaskVertica/app/__init__.py:67]
2018-07-14 19:30:09,179 INFO: Pride2 startup [in /home/mark/PythonFlaskVertica/app/__init__.py:67]
2018-07-14 19:34:22,591 INFO: Pride2 startup [in /home/mark/PythonFlaskVertica/app/__init__.py:49]
2018-07-14 19:34:22,591 INFO: Pride2 startup [in /home/mark/PythonFlaskVertica/app/__init__.py:67]
2018-07-14 19:34:22,591 INFO: Pride2 startup [in /home/mark/PythonFlaskVertica/app/__init__.py:67]
2018-07-14 19:42:32,975 INFO: Pride2 startup [in /home/mark/PythonFlaskVertica/app/__init__.py:49]
2018-07-14 19:42:32,976 INFO: Pride2 startup [in /home/mark/PythonFlaskVertica/app/__init__.py:67]
2018-07-14 19:42:32,976 INFO: Pride2 startup [in /home/mark/PythonFlaskVertica/app/__init__.py:67]
2018-07-14 19:44:08,563 INFO: Pride2 startup [in /home/mark/PythonFlaskVertica/app/__init__.py:49]
2018-07-14 19:44:08,563 INFO: Pride2 startup [in /home/mark/PythonFlaskVertica/app/__init__.py:67]
2018-07-14 19:44:08,563 INFO: Pride2 startup [in /home/mark/PythonFlaskVertica/app/__init__.py:67]
2018-07-15 15:50:22,764 INFO: Pride2 startup [in /home/mark/PythonFlaskVertica/app/__init__.py:49]
2018-07-15 15:50:22,765 INFO: Pride2 startup [in /home/mark/PythonFlaskVertica/app/__init__.py:67]
2018-07-15 15:50:22,765 INFO: Pride2 startup [in /home/mark/PythonFlaskVertica/app/__init__.py:67]
2018-07-15 15:54:37,135 INFO: Pride2 startup [in /home/mark/PythonFlaskVertica/app/__init__.py:49]
2018-07-15 15:54:37,136 INFO: Pride2 startup [in /home/mark/PythonFlaskVertica/app/__init__.py:67]
2018-07-15 15:54:37,136 INFO: Pride2 startup [in /home/mark/PythonFlaskVertica/app/__init__.py:67]
